<?xml version="1.0" encoding="UTF-8"?>
<testsuite name="com.packtpublishing.tddjava.ch03tictactoe.TicTacToeSpec" tests="11" skipped="0" failures="0" errors="0" timestamp="2020-03-09T09:33:37" hostname="mikkita-TM1701" time="0.027">
  <properties/>
  <testcase name="givenLastTurnWasXWhenNextPlayerThenO" classname="com.packtpublishing.tddjava.ch03tictactoe.TicTacToeSpec" time="0.002"/>
  <testcase name="whenYOutsideBoardThenRuntimeException" classname="com.packtpublishing.tddjava.ch03tictactoe.TicTacToeSpec" time="0.011"/>
  <testcase name="whenPlayAndTopBottomDiagonalLineThenWinner" classname="com.packtpublishing.tddjava.ch03tictactoe.TicTacToeSpec" time="0.009"/>
  <testcase name="whenPlayAndWholeHorizontalLineThenWinner" classname="com.packtpublishing.tddjava.ch03tictactoe.TicTacToeSpec" time="0.0"/>
  <testcase name="givenFirstTurnWhenNextPlayerThenX" classname="com.packtpublishing.tddjava.ch03tictactoe.TicTacToeSpec" time="0.0"/>
  <testcase name="whenXOutsideBoardThenRuntimeException" classname="com.packtpublishing.tddjava.ch03tictactoe.TicTacToeSpec" time="0.0"/>
  <testcase name="whenPlayAndBottomTopDiagonalLineThenWinner" classname="com.packtpublishing.tddjava.ch03tictactoe.TicTacToeSpec" time="0.0"/>
  <testcase name="whenOccupiedThenRuntimeException" classname="com.packtpublishing.tddjava.ch03tictactoe.TicTacToeSpec" time="0.0"/>
  <testcase name="whenAllBoxesAreFilledThenDraw" classname="com.packtpublishing.tddjava.ch03tictactoe.TicTacToeSpec" time="0.0"/>
  <testcase name="whenPlayAndWholeVerticalLineThenWinner" classname="com.packtpublishing.tddjava.ch03tictactoe.TicTacToeSpec" time="0.0"/>
  <testcase name="whenPlayThenNoWinner" classname="com.packtpublishing.tddjava.ch03tictactoe.TicTacToeSpec" time="0.0"/>
  <system-out><![CDATA[]]></system-out>
  <system-err><![CDATA[]]></system-err>
</testsuite>
